[INFO ] 2025-03-26 16:51:07.735 [main] Log - I am in onStart method AllTests
[INFO ] 2025-03-26 16:51:13.934 [main] Log - InValidSignUp test is starting.
[INFO ] 2025-03-26 16:51:14.417 [main] Log - InValidSignUp test is succeed.
[INFO ] 2025-03-26 16:51:14.748 [main] Log - InValidSignUp test is failed.
[INFO ] 2025-03-26 16:51:14.930 [main] Log - I am in onFinish method AllTests
[INFO ] 2025-03-26 16:53:11.677 [main] Log - I am in onStart method AllTests
[INFO ] 2025-03-26 16:53:17.996 [main] Log - InValidSignUp test is starting.
[INFO ] 2025-03-26 16:53:18.463 [main] Log - InValidSignUp test is succeed.
[INFO ] 2025-03-26 16:53:18.785 [main] Log - InValidSignUp test is failed.
[INFO ] 2025-03-26 16:53:19.008 [main] Log - I am in onFinish method AllTests
[INFO ] 2025-03-26 16:58:34.862 [main] Log - I am in onStart method AllTests
[INFO ] 2025-03-26 16:58:42.886 [main] Log - InValidSignUp test is starting.
[INFO ] 2025-03-26 16:58:43.326 [main] Log - InValidSignUp test is succeed.
[INFO ] 2025-03-26 16:58:43.635 [main] Log - InValidSignUp test is failed.
[INFO ] 2025-03-26 16:58:43.803 [main] Log - I am in onFinish method AllTests
[INFO ] 2025-03-26 17:01:52.779 [main] Log - I am in onStart method AllTests
[INFO ] 2025-03-26 17:01:59.632 [main] Log - InValidSignUp test is starting.
[INFO ] 2025-03-26 17:02:00.456 [main] Log - InValidSignUp test is succeed.
[INFO ] 2025-03-26 17:02:00.552 [main] Log - ValidSignUp test is starting.
[INFO ] 2025-03-26 17:02:01.526 [main] Log - ValidSignUp test is succeed.
[INFO ] 2025-03-26 17:02:06.734 [main] Log - InValidLogin test is starting.
[INFO ] 2025-03-26 17:02:07.705 [main] Log - InValidLogin test is succeed.
[INFO ] 2025-03-26 17:02:09.097 [main] Log - ValidLogin test is starting.
[INFO ] 2025-03-26 17:02:11.319 [main] Log - ValidLogin test is succeed.
[INFO ] 2025-03-26 17:02:16.882 [main] Log - VerifyProductsCategorization test is starting.
[INFO ] 2025-03-26 17:02:18.497 [main] Log - VerifyProductsCategorization test is succeed.
[INFO ] 2025-03-26 17:02:24.250 [main] Log - VerifyProductDetails test is starting.
[INFO ] 2025-03-26 17:02:28.622 [main] Log - VerifyProductDetails test is succeed.
[INFO ] 2025-03-26 17:02:33.968 [main] Log - VerifyRemovingItemsFromCart test is starting.
[INFO ] 2025-03-26 17:02:39.953 [main] Log - VerifyRemovingItemsFromCart test is succeed.
[INFO ] 2025-03-26 17:02:39.956 [main] Log - VerifyCartPrices test is starting.
[INFO ] 2025-03-26 17:02:44.342 [main] Log - VerifyCartPrices test is succeed.
[INFO ] 2025-03-26 17:02:49.859 [main] Log - InValidPlacingOrder test is starting.
[INFO ] 2025-03-26 17:02:55.220 [main] Log - InValidPlacingOrder test is succeed.
[INFO ] 2025-03-26 17:02:55.235 [main] Log - ValidPlacingOrder test is starting.
[INFO ] 2025-03-26 17:02:56.306 [main] Log - ValidPlacingOrder test is succeed.
[INFO ] 2025-03-26 17:02:56.441 [main] Log - I am in onFinish method AllTests
[INFO ] 2025-03-26 17:09:47.384 [main] Log - I am in onStart method AllTests
[INFO ] 2025-03-26 17:09:54.164 [main] Log - InValidSignUp test is starting.
[INFO ] 2025-03-26 17:09:54.945 [main] Log - InValidSignUp test is succeed.
[INFO ] 2025-03-26 17:09:55.027 [main] Log - ValidSignUp test is starting.
[INFO ] 2025-03-26 17:09:56.043 [main] Log - ValidSignUp test is succeed.
[INFO ] 2025-03-26 17:10:01.808 [main] Log - InValidLogin test is starting.
[INFO ] 2025-03-26 17:10:02.728 [main] Log - InValidLogin test is succeed.
[INFO ] 2025-03-26 17:10:02.992 [main] Log - ValidLogin test is starting.
[INFO ] 2025-03-26 17:10:05.282 [main] Log - ValidLogin test is succeed.
[INFO ] 2025-03-26 17:10:10.444 [main] Log - VerifyProductsCategorization test is starting.
[INFO ] 2025-03-26 17:10:11.679 [main] Log - VerifyProductsCategorization test is succeed.
[INFO ] 2025-03-26 17:10:16.715 [main] Log - VerifyProductDetails test is starting.
[INFO ] 2025-03-26 17:10:20.964 [main] Log - VerifyProductDetails test is succeed.
[INFO ] 2025-03-26 17:10:26.175 [main] Log - VerifyRemovingItemsFromCart test is starting.
[INFO ] 2025-03-26 17:10:32.326 [main] Log - VerifyRemovingItemsFromCart test is succeed.
[INFO ] 2025-03-26 17:10:32.329 [main] Log - VerifyCartPrices test is starting.
[INFO ] 2025-03-26 17:10:40.477 [main] Log - VerifyCartPrices test is succeed.
[INFO ] 2025-03-26 17:10:45.498 [main] Log - InValidPlacingOrder test is starting.
[INFO ] 2025-03-26 17:10:50.971 [main] Log - InValidPlacingOrder test is succeed.
[INFO ] 2025-03-26 17:10:50.974 [main] Log - ValidPlacingOrder test is starting.
[INFO ] 2025-03-26 17:10:52.036 [main] Log - ValidPlacingOrder test is succeed.
[INFO ] 2025-03-26 17:10:52.164 [main] Log - I am in onFinish method AllTests
[INFO ] 2025-03-26 17:17:29.417 [main] Log - I am in onStart method AllTests
[INFO ] 2025-03-26 17:17:35.063 [main] Log - InValidSignUp test is starting.
[INFO ] 2025-03-26 17:17:35.882 [main] Log - InValidSignUp test is succeed.
[INFO ] 2025-03-26 17:17:35.976 [main] Log - ValidSignUp test is starting.
[INFO ] 2025-03-26 17:17:52.391 [main] Log - ValidSignUp test is skipped.
[INFO ] 2025-03-26 17:17:52.397 [main] Log - ValidSignUp test is starting.
[INFO ] 2025-03-26 17:17:55.872 [main] Log - ValidSignUp test is failed.
[INFO ] 2025-03-26 17:17:55.878 [main] Log - ValidSignUp test is failed.
[INFO ] 2025-03-26 17:17:56.079 [main] Log - I am in onFinish method AllTests
[INFO ] 2025-03-26 17:18:02.547 [main] Log - I am in onStart method AllTests
[INFO ] 2025-03-26 17:18:07.797 [main] Log - InValidSignUp test is starting.
[INFO ] 2025-03-26 17:18:08.603 [main] Log - InValidSignUp test is succeed.
[INFO ] 2025-03-26 17:18:08.689 [main] Log - ValidSignUp test is starting.
[INFO ] 2025-03-26 17:18:09.974 [main] Log - ValidSignUp test is succeed.
[INFO ] 2025-03-26 17:18:15.634 [main] Log - InValidLogin test is starting.
[INFO ] 2025-03-26 17:18:16.584 [main] Log - InValidLogin test is succeed.
[INFO ] 2025-03-26 17:18:16.887 [main] Log - ValidLogin test is starting.
[INFO ] 2025-03-26 17:18:19.318 [main] Log - ValidLogin test is succeed.
[INFO ] 2025-03-26 17:18:24.695 [main] Log - VerifyProductsCategorization test is starting.
[INFO ] 2025-03-26 17:18:25.733 [main] Log - VerifyProductsCategorization test is succeed.
[INFO ] 2025-03-26 17:18:30.703 [main] Log - VerifyProductDetails test is starting.
[INFO ] 2025-03-26 17:18:36.152 [main] Log - VerifyProductDetails test is succeed.
[INFO ] 2025-03-26 17:18:41.445 [main] Log - VerifyRemovingItemsFromCart test is starting.
[INFO ] 2025-03-26 17:18:48.458 [main] Log - VerifyRemovingItemsFromCart test is succeed.
[INFO ] 2025-03-26 17:18:48.461 [main] Log - VerifyCartPrices test is starting.
[INFO ] 2025-03-26 17:18:52.808 [main] Log - VerifyCartPrices test is succeed.
[INFO ] 2025-03-26 17:18:57.761 [main] Log - InValidPlacingOrder test is starting.
[INFO ] 2025-03-26 17:19:04.251 [main] Log - InValidPlacingOrder test is succeed.
[INFO ] 2025-03-26 17:19:04.253 [main] Log - ValidPlacingOrder test is starting.
[INFO ] 2025-03-26 17:19:05.463 [main] Log - ValidPlacingOrder test is succeed.
[INFO ] 2025-03-26 17:19:05.564 [main] Log - I am in onFinish method AllTests
[INFO ] 2025-03-26 17:24:42.736 [main] Log - I am in onStart method AllTests
[INFO ] 2025-03-26 17:24:47.985 [main] Log - InValidSignUp test is starting.
[INFO ] 2025-03-26 17:24:48.756 [main] Log - InValidSignUp test is succeed.
[INFO ] 2025-03-26 17:24:48.856 [main] Log - ValidSignUp test is starting.
[INFO ] 2025-03-26 17:25:05.322 [main] Log - ValidSignUp test is skipped.
[INFO ] 2025-03-26 17:25:05.327 [main] Log - ValidSignUp test is starting.
[INFO ] 2025-03-26 17:25:06.543 [main] Log - ValidSignUp test is failed.
[INFO ] 2025-03-26 17:25:06.566 [main] Log - ValidSignUp test is failed.
[INFO ] 2025-03-26 17:25:06.808 [main] Log - I am in onFinish method AllTests
[INFO ] 2025-03-26 17:26:50.624 [main] Log - I am in onStart method AllTests
[INFO ] 2025-03-26 17:26:55.982 [main] Log - InValidSignUp test is starting.
[INFO ] 2025-03-26 17:26:56.781 [main] Log - InValidSignUp test is succeed.
[INFO ] 2025-03-26 17:26:57.160 [main] Log - ValidSignUp test is starting.
[INFO ] 2025-03-26 17:26:58.137 [main] Log - ValidSignUp test is succeed.
[INFO ] 2025-03-26 17:27:03.679 [main] Log - InValidLogin test is starting.
[INFO ] 2025-03-26 17:27:04.648 [main] Log - InValidLogin test is succeed.
[INFO ] 2025-03-26 17:27:05.212 [main] Log - ValidLogin test is starting.
[INFO ] 2025-03-26 17:27:07.528 [main] Log - ValidLogin test is succeed.
[INFO ] 2025-03-26 17:27:13.410 [main] Log - VerifyProductsCategorization test is starting.
[INFO ] 2025-03-26 17:27:29.147 [main] Log - VerifyProductsCategorization test is skipped.
[INFO ] 2025-03-26 17:27:29.152 [main] Log - VerifyProductsCategorization test is starting.
[INFO ] 2025-03-26 17:27:30.526 [main] Log - VerifyProductsCategorization test is succeed.
[INFO ] 2025-03-26 17:27:35.736 [main] Log - VerifyProductDetails test is starting.
[INFO ] 2025-03-26 17:27:40.361 [main] Log - VerifyProductDetails test is succeed.
[INFO ] 2025-03-26 17:27:45.110 [main] Log - VerifyRemovingItemsFromCart test is starting.
[INFO ] 2025-03-26 17:27:52.469 [main] Log - VerifyRemovingItemsFromCart test is succeed.
[INFO ] 2025-03-26 17:27:52.743 [main] Log - VerifyCartPrices test is starting.
[INFO ] 2025-03-26 17:27:56.945 [main] Log - VerifyCartPrices test is succeed.
[INFO ] 2025-03-26 17:28:02.778 [main] Log - InValidPlacingOrder test is starting.
[INFO ] 2025-03-26 17:28:09.077 [main] Log - InValidPlacingOrder test is succeed.
[INFO ] 2025-03-26 17:28:09.275 [main] Log - ValidPlacingOrder test is starting.
[INFO ] 2025-03-26 17:28:10.533 [main] Log - ValidPlacingOrder test is succeed.
[INFO ] 2025-03-26 17:28:11.125 [main] Log - I am in onFinish method AllTests
[INFO ] 2025-03-26 17:37:25.156 [main] Log - I am in onStart method AllTests
[INFO ] 2025-03-26 17:37:30.998 [main] Log - InValidSignUp test is starting.
[INFO ] 2025-03-26 17:37:31.796 [main] Log - InValidSignUp test is succeed.
[INFO ] 2025-03-26 17:37:32.198 [main] Log - ValidSignUp test is starting.
[INFO ] 2025-03-26 17:37:33.215 [main] Log - ValidSignUp test is succeed.
[INFO ] 2025-03-26 17:37:38.810 [main] Log - InValidLogin test is starting.
[INFO ] 2025-03-26 17:37:39.721 [main] Log - InValidLogin test is succeed.
[INFO ] 2025-03-26 17:37:40.235 [main] Log - ValidLogin test is starting.
[INFO ] 2025-03-26 17:37:42.318 [main] Log - ValidLogin test is succeed.
[INFO ] 2025-03-26 17:37:47.967 [main] Log - VerifyProductsCategorization test is starting.
[INFO ] 2025-03-26 17:37:48.833 [main] Log - VerifyProductsCategorization test is succeed.
[INFO ] 2025-03-26 17:37:54.024 [main] Log - VerifyProductDetails test is starting.
[INFO ] 2025-03-26 17:37:58.385 [main] Log - VerifyProductDetails test is succeed.
[INFO ] 2025-03-26 17:38:03.544 [main] Log - VerifyRemovingItemsFromCart test is starting.
[INFO ] 2025-03-26 17:38:09.130 [main] Log - VerifyRemovingItemsFromCart test is succeed.
[INFO ] 2025-03-26 17:38:09.373 [main] Log - VerifyCartPrices test is starting.
[INFO ] 2025-03-26 17:38:11.856 [main] Log - VerifyCartPrices test is succeed.
[INFO ] 2025-03-26 17:38:17.927 [main] Log - InValidPlacingOrder test is starting.
[INFO ] 2025-03-26 17:38:23.145 [main] Log - InValidPlacingOrder test is succeed.
[INFO ] 2025-03-26 17:38:23.367 [main] Log - ValidPlacingOrder test is starting.
[INFO ] 2025-03-26 17:38:24.440 [main] Log - ValidPlacingOrder test is succeed.
[INFO ] 2025-03-26 17:38:24.810 [main] Log - I am in onFinish method AllTests
[INFO ] 2025-03-26 19:06:48.507 [main] Log - I am in onStart method AllTests
[INFO ] 2025-03-26 19:06:53.613 [main] Log - InValidSignUp test is starting.
[INFO ] 2025-03-26 19:06:53.616 [main] Log - InValidSignUp test is skipped.
[INFO ] 2025-03-26 19:06:53.915 [main] Log - InValidSignUp test is failed.
[INFO ] 2025-03-26 19:06:53.948 [main] Log - I am in onFinish method AllTests
[INFO ] 2025-03-26 19:10:17.221 [main] Log - I am in onStart method AllTests
[INFO ] 2025-03-26 19:10:25.106 [main] Log - InValidSignUp test is starting.
[INFO ] 2025-03-26 19:10:36.321 [main] Log - InValidSignUp test is skipped.
[INFO ] 2025-03-26 19:10:36.409 [main] Log - InValidSignUp test is starting.
[INFO ] 2025-03-26 19:10:37.508 [main] Log - InValidSignUp test is failed.
[INFO ] 2025-03-26 19:10:37.746 [main] Log - ValidSignUp test is starting.
[INFO ] 2025-03-26 19:10:48.028 [main] Log - ValidSignUp test is failed.
[INFO ] 2025-03-26 19:10:48.212 [main] Log - I am in onFinish method AllTests
[INFO ] 2025-03-26 19:17:08.846 [main] Log - I am in onStart method AllTests
[INFO ] 2025-03-26 19:17:14.560 [main] Log - InValidSignUp test is starting.
[INFO ] 2025-03-26 19:17:15.375 [main] Log - InValidSignUp test is succeed.
[INFO ] 2025-03-26 19:17:15.763 [main] Log - ValidSignUp test is starting.
[INFO ] 2025-03-26 19:17:18.921 [main] Log - ValidSignUp test is succeed.
[INFO ] 2025-03-26 19:17:24.542 [main] Log - InValidLogin test is starting.
[INFO ] 2025-03-26 19:17:25.483 [main] Log - InValidLogin test is succeed.
[INFO ] 2025-03-26 19:17:26.016 [main] Log - ValidLogin test is starting.
[INFO ] 2025-03-26 19:17:38.393 [main] Log - ValidLogin test is succeed.
[INFO ] 2025-03-26 19:17:43.212 [main] Log - VerifyProductsCategorization test is starting.
[INFO ] 2025-03-26 19:17:50.558 [main] Log - VerifyProductsCategorization test is succeed.
[INFO ] 2025-03-26 19:17:55.989 [main] Log - VerifyProductDetails test is starting.
[INFO ] 2025-03-26 19:18:24.256 [main] Log - VerifyProductDetails test is succeed.
[INFO ] 2025-03-26 19:18:29.393 [main] Log - VerifyRemovingItemsFromCart test is starting.
[INFO ] 2025-03-26 19:19:06.938 [main] Log - VerifyRemovingItemsFromCart test is succeed.
[INFO ] 2025-03-26 19:19:07.183 [main] Log - VerifyCartPrices test is starting.
[INFO ] 2025-03-26 19:19:36.456 [main] Log - VerifyCartPrices test is succeed.
[INFO ] 2025-03-26 19:19:42.106 [main] Log - InValidPlacingOrder test is starting.
[INFO ] 2025-03-26 19:20:12.547 [main] Log - InValidPlacingOrder test is succeed.
[INFO ] 2025-03-26 19:20:12.860 [main] Log - ValidPlacingOrder test is starting.
[INFO ] 2025-03-26 19:20:14.272 [main] Log - ValidPlacingOrder test is succeed.
[INFO ] 2025-03-26 19:20:14.615 [main] Log - I am in onFinish method AllTests
[INFO ] 2025-03-26 19:26:41.555 [main] Log - I am in onStart method AllTests
[INFO ] 2025-03-26 19:26:47.371 [main] Log - InValidSignUp test is starting.
[INFO ] 2025-03-26 19:26:48.167 [main] Log - InValidSignUp test is succeed.
[INFO ] 2025-03-26 19:26:48.607 [main] Log - ValidSignUp test is starting.
[INFO ] 2025-03-26 19:26:49.615 [main] Log - ValidSignUp test is succeed.
[INFO ] 2025-03-26 19:26:54.779 [main] Log - InValidLogin test is starting.
[INFO ] 2025-03-26 19:26:55.739 [main] Log - InValidLogin test is succeed.
[INFO ] 2025-03-26 19:26:56.301 [main] Log - ValidLogin test is starting.
[INFO ] 2025-03-26 19:26:58.308 [main] Log - ValidLogin test is succeed.
[INFO ] 2025-03-26 19:27:03.910 [main] Log - VerifyProductsCategorization test is starting.
[INFO ] 2025-03-26 19:27:04.884 [main] Log - VerifyProductsCategorization test is succeed.
[INFO ] 2025-03-26 19:27:10.293 [main] Log - VerifyProductDetails test is starting.
[INFO ] 2025-03-26 19:27:14.764 [main] Log - VerifyProductDetails test is succeed.
[INFO ] 2025-03-26 19:27:19.569 [main] Log - VerifyRemovingItemsFromCart test is starting.
[INFO ] 2025-03-26 19:27:26.001 [main] Log - VerifyRemovingItemsFromCart test is succeed.
[INFO ] 2025-03-26 19:27:26.248 [main] Log - VerifyCartPrices test is starting.
[INFO ] 2025-03-26 19:27:29.301 [main] Log - VerifyCartPrices test is succeed.
[INFO ] 2025-03-26 19:27:36.375 [main] Log - InValidPlacingOrder test is starting.
[INFO ] 2025-03-26 19:27:43.257 [main] Log - InValidPlacingOrder test is succeed.
[INFO ] 2025-03-26 19:27:43.511 [main] Log - ValidPlacingOrder test is starting.
[INFO ] 2025-03-26 19:27:44.773 [main] Log - ValidPlacingOrder test is succeed.
[INFO ] 2025-03-26 19:27:45.135 [main] Log - I am in onFinish method AllTests
[INFO ] 2025-03-26 19:30:11.241 [main] Log - I am in onStart method AllTests
[INFO ] 2025-03-26 19:30:13.360 [main] Log - InValidSignUp test is starting.
[INFO ] 2025-03-26 19:30:13.364 [main] Log - InValidSignUp test is skipped.
[INFO ] 2025-03-26 19:30:13.680 [main] Log - InValidSignUp test is failed.
[INFO ] 2025-03-26 19:30:13.773 [main] Log - I am in onFinish method AllTests
[INFO ] 2025-03-26 19:30:33.905 [main] Log - I am in onStart method AllTests
[INFO ] 2025-03-26 19:30:40.214 [main] Log - InValidSignUp test is starting.
[INFO ] 2025-03-26 19:30:40.999 [main] Log - InValidSignUp test is succeed.
[INFO ] 2025-03-26 19:30:41.376 [main] Log - ValidSignUp test is starting.
[INFO ] 2025-03-26 19:30:42.334 [main] Log - ValidSignUp test is succeed.
[INFO ] 2025-03-26 19:30:42.592 [main] Log - InValidLogin test is starting.
[INFO ] 2025-03-26 19:30:43.518 [main] Log - InValidLogin test is succeed.
[INFO ] 2025-03-26 19:30:44.056 [main] Log - ValidLogin test is starting.
[INFO ] 2025-03-26 19:30:45.865 [main] Log - ValidLogin test is succeed.
[INFO ] 2025-03-26 19:30:46.085 [main] Log - VerifyProductsCategorization test is starting.
[INFO ] 2025-03-26 19:31:01.592 [main] Log - VerifyProductsCategorization test is skipped.
[INFO ] 2025-03-26 19:31:01.596 [main] Log - VerifyProductsCategorization test is starting.
[INFO ] 2025-03-26 19:31:03.142 [main] Log - VerifyProductsCategorization test is succeed.
[INFO ] 2025-03-26 19:31:03.381 [main] Log - VerifyProductDetails test is starting.
[INFO ] 2025-03-26 19:31:07.205 [main] Log - VerifyProductDetails test is succeed.
[INFO ] 2025-03-26 19:31:07.443 [main] Log - VerifyRemovingItemsFromCart test is starting.
[INFO ] 2025-03-26 19:31:22.608 [main] Log - VerifyRemovingItemsFromCart test is skipped.
[INFO ] 2025-03-26 19:31:22.611 [main] Log - VerifyRemovingItemsFromCart test is starting.
[INFO ] 2025-03-26 19:31:37.625 [main] Log - VerifyRemovingItemsFromCart test is failed.
[INFO ] 2025-03-26 19:31:37.844 [main] Log - VerifyCartPrices test is starting.
[INFO ] 2025-03-26 19:31:37.846 [main] Log - VerifyCartPrices test is skipped.
[INFO ] 2025-03-26 19:31:37.847 [main] Log - InValidPlacingOrder test is starting.
[INFO ] 2025-03-26 19:31:49.248 [main] Log - InValidPlacingOrder test is failed.
[INFO ] 2025-03-26 19:31:49.437 [main] Log - I am in onFinish method AllTests
[INFO ] 2025-03-26 19:55:33.337 [main] Log - I am in onStart method AllTests
[INFO ] 2025-03-26 19:55:38.599 [main] Log - InValidSignUp test is starting.
[INFO ] 2025-03-26 19:55:39.369 [main] Log - InValidSignUp test is succeed.
[INFO ] 2025-03-26 19:55:39.784 [main] Log - ValidSignUp test is starting.
[INFO ] 2025-03-26 19:55:40.771 [main] Log - ValidSignUp test is succeed.
[INFO ] 2025-03-26 19:55:46.920 [main] Log - InValidLogin test is starting.
[INFO ] 2025-03-26 19:55:47.839 [main] Log - InValidLogin test is succeed.
[INFO ] 2025-03-26 19:55:48.325 [main] Log - ValidLogin test is starting.
[INFO ] 2025-03-26 19:55:50.273 [main] Log - ValidLogin test is succeed.
[INFO ] 2025-03-26 19:55:55.962 [main] Log - VerifyProductsCategorization test is starting.
[INFO ] 2025-03-26 19:55:56.903 [main] Log - VerifyProductsCategorization test is succeed.
[INFO ] 2025-03-26 19:56:02.959 [main] Log - VerifyProductDetails test is starting.
[INFO ] 2025-03-26 19:56:07.501 [main] Log - VerifyProductDetails test is succeed.
[INFO ] 2025-03-26 19:56:12.543 [main] Log - VerifyRemovingItemsFromCart test is starting.
[INFO ] 2025-03-26 19:56:19.279 [main] Log - VerifyRemovingItemsFromCart test is succeed.
[INFO ] 2025-03-26 19:56:19.487 [main] Log - VerifyCartPrices test is starting.
[INFO ] 2025-03-26 19:56:22.582 [main] Log - VerifyCartPrices test is succeed.
[INFO ] 2025-03-26 19:56:28.117 [main] Log - InValidPlacingOrder test is starting.
[INFO ] 2025-03-26 19:56:33.075 [main] Log - InValidPlacingOrder test is succeed.
[INFO ] 2025-03-26 19:56:33.341 [main] Log - ValidPlacingOrder test is starting.
[INFO ] 2025-03-26 19:56:34.392 [main] Log - ValidPlacingOrder test is succeed.
[INFO ] 2025-03-26 19:56:34.712 [main] Log - I am in onFinish method AllTests
[INFO ] 2025-03-26 20:07:02.961 [main] Log - I am in onStart method AllTests
[INFO ] 2025-03-26 20:07:09.942 [main] Log - InValidSignUp test is starting.
[INFO ] 2025-03-26 20:07:10.842 [main] Log - InValidSignUp test is succeed.
[INFO ] 2025-03-26 20:07:11.271 [main] Log - ValidSignUp test is starting.
[INFO ] 2025-03-26 20:07:12.229 [main] Log - ValidSignUp test is succeed.
[INFO ] 2025-03-26 20:07:18.365 [main] Log - InValidLogin test is starting.
[INFO ] 2025-03-26 20:07:19.271 [main] Log - InValidLogin test is succeed.
[INFO ] 2025-03-26 20:07:19.839 [main] Log - ValidLogin test is starting.
[INFO ] 2025-03-26 20:07:21.693 [main] Log - ValidLogin test is succeed.
[INFO ] 2025-03-26 20:07:28.168 [main] Log - VerifyProductsCategorization test is starting.
[INFO ] 2025-03-26 20:07:29.118 [main] Log - VerifyProductsCategorization test is succeed.
[INFO ] 2025-03-26 20:07:35.545 [main] Log - VerifyProductDetails test is starting.
[INFO ] 2025-03-26 20:07:39.508 [main] Log - VerifyProductDetails test is succeed.
[INFO ] 2025-03-26 20:07:44.948 [main] Log - VerifyRemovingItemsFromCart test is starting.
[INFO ] 2025-03-26 20:07:51.295 [main] Log - VerifyRemovingItemsFromCart test is succeed.
[INFO ] 2025-03-26 20:07:51.560 [main] Log - VerifyCartPrices test is starting.
[INFO ] 2025-03-26 20:07:54.588 [main] Log - VerifyCartPrices test is succeed.
[INFO ] 2025-03-26 20:07:59.430 [main] Log - InValidPlacingOrder test is starting.
[INFO ] 2025-03-26 20:08:05.059 [main] Log - InValidPlacingOrder test is succeed.
[INFO ] 2025-03-26 20:08:05.291 [main] Log - ValidPlacingOrder test is starting.
[INFO ] 2025-03-26 20:08:06.499 [main] Log - ValidPlacingOrder test is succeed.
[INFO ] 2025-03-26 20:08:06.860 [main] Log - I am in onFinish method AllTests
[INFO ] 2025-03-26 20:17:25.467 [main] Log - I am in onStart method AllTests
[INFO ] 2025-03-26 20:17:31.076 [main] Log - InValidSignUp test is starting.
[INFO ] 2025-03-26 20:17:31.564 [main] Log - InValidSignUp test is succeed.
[INFO ] 2025-03-26 20:17:32.150 [main] Log - InValidSignUp test is failed.
[INFO ] 2025-03-26 20:17:32.333 [main] Log - I am in onFinish method AllTests
[INFO ] 2025-03-26 20:20:34.251 [main] Log - I am in onStart method AllTests
[INFO ] 2025-03-26 20:20:41.346 [main] Log - InValidSignUp test is starting.
[INFO ] 2025-03-26 20:20:42.220 [main] Log - InValidSignUp test is succeed.
[INFO ] 2025-03-26 20:20:42.629 [main] Log - ValidSignUp test is starting.
[INFO ] 2025-03-26 20:20:43.638 [main] Log - ValidSignUp test is succeed.
[INFO ] 2025-03-26 20:20:49.925 [main] Log - InValidLogin test is starting.
[INFO ] 2025-03-26 20:20:50.857 [main] Log - InValidLogin test is succeed.
[INFO ] 2025-03-26 20:20:51.519 [main] Log - ValidLogin test is starting.
[INFO ] 2025-03-26 20:20:53.362 [main] Log - ValidLogin test is succeed.
[INFO ] 2025-03-26 20:20:58.716 [main] Log - VerifyProductsCategorization test is starting.
[INFO ] 2025-03-26 20:21:00.213 [main] Log - VerifyProductsCategorization test is succeed.
[INFO ] 2025-03-26 20:21:05.713 [main] Log - VerifyProductDetails test is starting.
[INFO ] 2025-03-26 20:21:10.424 [main] Log - VerifyProductDetails test is succeed.
[INFO ] 2025-03-26 20:21:16.364 [main] Log - VerifyRemovingItemsFromCart test is starting.
[INFO ] 2025-03-26 20:21:21.392 [main] Log - VerifyRemovingItemsFromCart test is succeed.
[INFO ] 2025-03-26 20:21:21.623 [main] Log - VerifyCartPrices test is starting.
[INFO ] 2025-03-26 20:21:24.105 [main] Log - VerifyCartPrices test is succeed.
[INFO ] 2025-03-26 20:21:29.882 [main] Log - InValidPlacingOrder test is starting.
[INFO ] 2025-03-26 20:21:35.393 [main] Log - InValidPlacingOrder test is succeed.
[INFO ] 2025-03-26 20:21:35.647 [main] Log - ValidPlacingOrder test is starting.
[INFO ] 2025-03-26 20:21:36.692 [main] Log - ValidPlacingOrder test is succeed.
[INFO ] 2025-03-26 20:21:37.030 [main] Log - I am in onFinish method AllTests
[INFO ] 2025-03-26 20:28:36.820 [main] Log - I am in onStart method AllTests
[INFO ] 2025-03-26 20:28:42.792 [main] Log - InValidSignUp test is starting.
[INFO ] 2025-03-26 20:28:43.651 [main] Log - InValidSignUp test is skipped.
[INFO ] 2025-03-26 20:28:43.737 [main] Log - InValidSignUp test is starting.
[INFO ] 2025-03-26 20:28:44.783 [main] Log - InValidSignUp test is failed.
[INFO ] 2025-03-26 20:28:45.024 [main] Log - ValidSignUp test is starting.
[INFO ] 2025-03-26 20:28:46.114 [main] Log - ValidSignUp test is succeed.
[INFO ] 2025-03-26 20:28:51.487 [main] Log - InValidLogin test is starting.
[INFO ] 2025-03-26 20:28:52.427 [main] Log - InValidLogin test is succeed.
[INFO ] 2025-03-26 20:28:53.020 [main] Log - ValidLogin test is starting.
[INFO ] 2025-03-26 20:28:54.907 [main] Log - ValidLogin test is succeed.
[INFO ] 2025-03-26 20:29:01.131 [main] Log - VerifyProductsCategorization test is starting.
[INFO ] 2025-03-26 20:29:02.475 [main] Log - VerifyProductsCategorization test is succeed.
[INFO ] 2025-03-26 20:29:08.581 [main] Log - VerifyProductDetails test is starting.
[INFO ] 2025-03-26 20:29:13.026 [main] Log - VerifyProductDetails test is succeed.
[INFO ] 2025-03-26 20:29:18.739 [main] Log - VerifyRemovingItemsFromCart test is starting.
[INFO ] 2025-03-26 20:29:24.083 [main] Log - VerifyRemovingItemsFromCart test is succeed.
[INFO ] 2025-03-26 20:29:24.302 [main] Log - VerifyCartPrices test is starting.
[INFO ] 2025-03-26 20:29:27.285 [main] Log - VerifyCartPrices test is succeed.
[INFO ] 2025-03-26 20:29:33.392 [main] Log - InValidPlacingOrder test is starting.
[INFO ] 2025-03-26 20:29:38.788 [main] Log - InValidPlacingOrder test is succeed.
[INFO ] 2025-03-26 20:29:39.052 [main] Log - ValidPlacingOrder test is starting.
[INFO ] 2025-03-26 20:29:40.138 [main] Log - ValidPlacingOrder test is succeed.
[INFO ] 2025-03-26 20:29:40.454 [main] Log - I am in onFinish method AllTests
[INFO ] 2025-03-26 20:34:14.647 [main] Log - I am in onStart method AllTests
[INFO ] 2025-03-26 20:34:20.849 [main] Log - InValidSignUp test is starting.
[INFO ] 2025-03-26 20:34:21.657 [main] Log - InValidSignUp test is skipped.
[INFO ] 2025-03-26 20:34:21.749 [main] Log - InValidSignUp test is starting.
[INFO ] 2025-03-26 20:34:22.849 [main] Log - InValidSignUp test is failed.
[INFO ] 2025-03-26 20:34:23.020 [main] Log - ValidSignUp test is starting.
[INFO ] 2025-03-26 20:34:24.100 [main] Log - ValidSignUp test is succeed.
[INFO ] 2025-03-26 20:34:29.721 [main] Log - InValidLogin test is starting.
[INFO ] 2025-03-26 20:34:30.632 [main] Log - InValidLogin test is succeed.
[INFO ] 2025-03-26 20:34:31.038 [main] Log - ValidLogin test is starting.
[INFO ] 2025-03-26 20:34:33.116 [main] Log - ValidLogin test is succeed.
[INFO ] 2025-03-26 20:34:38.537 [main] Log - VerifyProductsCategorization test is starting.
[INFO ] 2025-03-26 20:34:39.548 [main] Log - VerifyProductsCategorization test is succeed.
[INFO ] 2025-03-26 20:34:45.220 [main] Log - VerifyProductDetails test is starting.
[INFO ] 2025-03-26 20:34:49.864 [main] Log - VerifyProductDetails test is succeed.
[INFO ] 2025-03-26 20:34:55.160 [main] Log - VerifyRemovingItemsFromCart test is starting.
[INFO ] 2025-03-26 20:35:01.045 [main] Log - VerifyRemovingItemsFromCart test is succeed.
[INFO ] 2025-03-26 20:35:01.168 [main] Log - VerifyCartPrices test is starting.
[INFO ] 2025-03-26 20:35:04.882 [main] Log - VerifyCartPrices test is succeed.
[INFO ] 2025-03-26 20:35:11.019 [main] Log - InValidPlacingOrder test is starting.
[INFO ] 2025-03-26 20:35:16.192 [main] Log - InValidPlacingOrder test is succeed.
[INFO ] 2025-03-26 20:35:16.303 [main] Log - ValidPlacingOrder test is starting.
[INFO ] 2025-03-26 20:35:17.374 [main] Log - ValidPlacingOrder test is succeed.
[INFO ] 2025-03-26 20:35:17.618 [main] Log - I am in onFinish method AllTests
[INFO ] 2025-03-26 20:52:46.867 [main] Log - InValidSignUp test is failed.
[INFO ] 2025-03-26 20:52:48.205 [main] Log - ValidSignUp test is succeed.
[INFO ] 2025-03-26 20:52:56.194 [main] Log - InValidLogin test is succeed.
[INFO ] 2025-03-26 20:52:58.373 [main] Log - ValidLogin test is failed.
[INFO ] 2025-03-26 20:53:05.024 [main] Log - VerifyProductsCategorization test is failed.
[INFO ] 2025-03-26 20:53:14.039 [main] Log - VerifyProductDetails test is failed.
[INFO ] 2025-03-26 20:53:40.290 [main] Log - VerifyRemovingItemsFromCart test is failed.
[INFO ] 2025-03-26 20:53:50.992 [main] Log - InValidPlacingOrder test is succeed.
[INFO ] 2025-03-26 20:53:52.166 [main] Log - ValidPlacingOrder test is failed.
[INFO ] 2025-03-26 20:55:19.978 [main] Log - InValidSignUp test is failed.
[INFO ] 2025-03-26 20:55:21.449 [main] Log - ValidSignUp test is succeed.
[INFO ] 2025-03-26 20:57:29.049 [main] Log - InValidSignUp test is succeed.
[INFO ] 2025-03-26 20:57:30.241 [main] Log - ValidSignUp test is succeed.
[INFO ] 2025-03-26 20:58:05.817 [main] Log - InValidLogin test is succeed.
[INFO ] 2025-03-26 20:58:08.134 [main] Log - ValidLogin test is succeed.
[INFO ] 2025-03-26 20:58:45.469 [main] Log - InValidSignUp test is succeed.
[INFO ] 2025-03-26 20:58:46.609 [main] Log - ValidSignUp test is succeed.
[INFO ] 2025-03-26 20:58:53.339 [main] Log - InValidLogin test is succeed.
[INFO ] 2025-03-26 20:58:55.950 [main] Log - ValidLogin test is succeed.
[INFO ] 2025-03-26 20:59:04.758 [main] Log - VerifyProductsCategorization test is succeed.
[INFO ] 2025-03-26 20:59:20.330 [main] Log - VerifyProductDetails test is succeed.
[INFO ] 2025-03-26 20:59:35.955 [main] Log - VerifyRemovingItemsFromCart test is succeed.
[INFO ] 2025-03-26 20:59:40.766 [main] Log - VerifyCartPrices test is succeed.
[INFO ] 2025-03-26 20:59:55.202 [main] Log - InValidPlacingOrder test is succeed.
[INFO ] 2025-03-26 20:59:57.434 [main] Log - ValidPlacingOrder test is succeed.
[INFO ] 2025-03-26 21:08:27.607 [main] Log - InValidSignUp test is succeed.
[INFO ] 2025-03-26 21:08:29.085 [main] Log - ValidSignUp test is succeed.
[INFO ] 2025-03-26 21:08:36.115 [main] Log - InValidLogin test is succeed.
[INFO ] 2025-03-26 21:08:38.791 [main] Log - ValidLogin test is succeed.
[INFO ] 2025-03-26 21:08:45.344 [main] Log - VerifyProductsCategorization test is failed.
[INFO ] 2025-03-26 21:08:54.709 [main] Log - VerifyProductDetails test is failed.
[INFO ] 2025-03-26 21:09:21.269 [main] Log - VerifyRemovingItemsFromCart test is failed.
[INFO ] 2025-03-26 21:09:33.136 [main] Log - InValidPlacingOrder test is succeed.
[INFO ] 2025-03-26 21:09:34.301 [main] Log - ValidPlacingOrder test is failed.
[INFO ] 2025-03-26 21:09:34.743 [main] Log - I am in onFinish method AllTests
[INFO ] 2025-03-26 21:10:35.672 [main] Log - InValidSignUp test is succeed.
[INFO ] 2025-03-26 21:10:36.828 [main] Log - ValidSignUp test is succeed.
[INFO ] 2025-03-26 21:10:43.925 [main] Log - InValidLogin test is succeed.
[INFO ] 2025-03-26 21:10:46.559 [main] Log - ValidLogin test is succeed.
[INFO ] 2025-03-26 21:10:54.831 [main] Log - VerifyProductsCategorization test is succeed.
[INFO ] 2025-03-26 21:11:06.928 [main] Log - VerifyProductDetails test is succeed.
[INFO ] 2025-03-26 21:11:24.808 [main] Log - VerifyRemovingItemsFromCart test is succeed.
[INFO ] 2025-03-26 21:11:30.085 [main] Log - VerifyCartPrices test is succeed.
[INFO ] 2025-03-26 21:11:53.083 [main] Log - InValidPlacingOrder test is succeed.
[INFO ] 2025-03-26 21:11:54.967 [main] Log - ValidPlacingOrder test is succeed.
[INFO ] 2025-03-26 21:11:55.071 [main] Log - I am in onFinish method AllTests
[INFO ] 2025-03-26 21:14:51.760 [main] Log - InValidSignUp test is succeed.
[INFO ] 2025-03-26 21:14:52.929 [main] Log - ValidSignUp test is succeed.
[INFO ] 2025-03-26 21:14:54.347 [main] Log - InValidLogin test is succeed.
[INFO ] 2025-03-26 21:14:56.709 [main] Log - ValidLogin test is succeed.
[INFO ] 2025-03-26 21:14:58.073 [main] Log - VerifyProductsCategorization test is succeed.
[INFO ] 2025-03-26 21:15:03.707 [main] Log - VerifyProductDetails test is succeed.
[INFO ] 2025-03-26 21:15:33.243 [main] Log - VerifyRemovingItemsFromCart test is failed.
[INFO ] 2025-03-26 21:15:33.257 [main] Log - VerifyRemovingItemsFromCart test is failed.
[INFO ] 2025-03-26 21:15:33.268 [main] Log - I am in onFinish method AllTests
[INFO ] 2025-03-26 21:16:02.615 [main] Log - InValidSignUp test is succeed.
[INFO ] 2025-03-26 21:16:03.846 [main] Log - ValidSignUp test is succeed.
[INFO ] 2025-03-26 21:16:04.913 [main] Log - InValidLogin test is succeed.
[INFO ] 2025-03-26 21:16:07.404 [main] Log - ValidLogin test is succeed.
[INFO ] 2025-03-26 21:16:09.141 [main] Log - VerifyProductsCategorization test is succeed.
[INFO ] 2025-03-26 21:16:14.305 [main] Log - VerifyProductDetails test is succeed.
[INFO ] 2025-03-26 21:16:44.663 [main] Log - VerifyRemovingItemsFromCart test is failed.
[INFO ] 2025-03-26 21:16:56.186 [main] Log - InValidPlacingOrder test is failed.
[INFO ] 2025-03-26 21:16:56.191 [main] Log - I am in onFinish method AllTests
[INFO ] 2025-03-26 21:19:01.305 [main] Log - InValidSignUp test is succeed.
[INFO ] 2025-03-26 21:19:02.482 [main] Log - ValidSignUp test is succeed.
[INFO ] 2025-03-26 21:19:03.476 [main] Log - InValidLogin test is succeed.
[INFO ] 2025-03-26 21:19:05.755 [main] Log - ValidLogin test is succeed.
[INFO ] 2025-03-26 21:19:07.474 [main] Log - VerifyProductsCategorization test is succeed.
[INFO ] 2025-03-26 21:19:11.990 [main] Log - VerifyProductDetails test is succeed.
[INFO ] 2025-03-26 21:19:16.108 [main] Log - VerifyRemovingItemsFromCart test is succeed.
[INFO ] 2025-03-26 21:19:22.013 [main] Log - VerifyCartPrices test is succeed.
[INFO ] 2025-03-26 21:19:26.654 [main] Log - InValidPlacingOrder test is succeed.
[INFO ] 2025-03-26 21:19:28.721 [main] Log - ValidPlacingOrder test is succeed.
[INFO ] 2025-03-26 21:19:28.864 [main] Log - I am in onFinish method AllTests
[INFO ] 2025-03-26 21:44:24.112 [main] Log - I am in onStart method AllTests
[INFO ] 2025-03-26 21:44:24.154 [main] Log - InValidSignUp test is starting.
[INFO ] 2025-03-26 21:44:24.937 [main] Log - InValidSignUp test is succeed.
[INFO ] 2025-03-26 21:44:25.270 [main] Log - ValidSignUp test is starting.
[INFO ] 2025-03-26 21:44:26.230 [main] Log - ValidSignUp test is succeed.
[INFO ] 2025-03-26 21:44:26.504 [main] Log - InValidLogin test is starting.
[INFO ] 2025-03-26 21:44:27.436 [main] Log - InValidLogin test is succeed.
[INFO ] 2025-03-26 21:44:27.979 [main] Log - ValidLogin test is starting.
[INFO ] 2025-03-26 21:44:29.930 [main] Log - ValidLogin test is succeed.
[INFO ] 2025-03-26 21:44:30.170 [main] Log - VerifyProductsCategorization test is starting.
[INFO ] 2025-03-26 21:44:31.284 [main] Log - VerifyProductsCategorization test is succeed.
[INFO ] 2025-03-26 21:44:31.520 [main] Log - VerifyProductDetails test is starting.
[INFO ] 2025-03-26 21:44:36.121 [main] Log - VerifyProductDetails test is succeed.
[INFO ] 2025-03-26 21:44:36.393 [main] Log - VerifyRemovingItemsFromCart test is starting.
[INFO ] 2025-03-26 21:44:40.335 [main] Log - VerifyRemovingItemsFromCart test is succeed.
[INFO ] 2025-03-26 21:44:40.575 [main] Log - VerifyCartPrices test is starting.
[INFO ] 2025-03-26 21:44:44.686 [main] Log - VerifyCartPrices test is succeed.
[INFO ] 2025-03-26 21:44:45.066 [main] Log - InValidPlacingOrder test is starting.
[INFO ] 2025-03-26 21:44:49.102 [main] Log - InValidPlacingOrder test is succeed.
[INFO ] 2025-03-26 21:44:49.332 [main] Log - ValidPlacingOrder test is starting.
[INFO ] 2025-03-26 21:44:50.680 [main] Log - ValidPlacingOrder test is succeed.
[INFO ] 2025-03-26 21:44:50.904 [main] Log - I am in onFinish method AllTests
[INFO ] 2025-03-26 21:57:46.550 [main] Log - I am in onStart method AllTests
[INFO ] 2025-03-26 21:57:46.583 [main] Log - InValidSignUp test is starting.
[INFO ] 2025-03-26 21:57:47.344 [main] Log - InValidSignUp test is succeed.
[INFO ] 2025-03-26 21:57:47.619 [main] Log - ValidSignUp test is starting.
[INFO ] 2025-03-26 21:57:48.582 [main] Log - ValidSignUp test is succeed.
[INFO ] 2025-03-26 21:57:48.747 [main] Log - InValidLogin test is starting.
[INFO ] 2025-03-26 21:57:49.686 [main] Log - InValidLogin test is succeed.
[INFO ] 2025-03-26 21:57:50.079 [main] Log - ValidLogin test is starting.
[INFO ] 2025-03-26 21:57:52.100 [main] Log - ValidLogin test is succeed.
[INFO ] 2025-03-26 21:57:52.219 [main] Log - VerifyProductsCategorization test is starting.
[INFO ] 2025-03-26 21:57:53.565 [main] Log - VerifyProductsCategorization test is succeed.
[INFO ] 2025-03-26 21:57:53.673 [main] Log - VerifyProductDetails test is starting.
[INFO ] 2025-03-26 21:57:57.922 [main] Log - VerifyProductDetails test is succeed.
[INFO ] 2025-03-26 21:57:58.082 [main] Log - VerifyRemovingItemsFromCart test is starting.
[INFO ] 2025-03-26 21:58:02.184 [main] Log - VerifyRemovingItemsFromCart test is succeed.
[INFO ] 2025-03-26 21:58:02.500 [main] Log - VerifyCartPrices test is starting.
[INFO ] 2025-03-26 21:58:07.440 [main] Log - VerifyCartPrices test is succeed.
[INFO ] 2025-03-26 21:58:07.534 [main] Log - InValidPlacingOrder test is starting.
[INFO ] 2025-03-26 21:58:10.986 [main] Log - InValidPlacingOrder test is succeed.
[INFO ] 2025-03-26 21:58:11.093 [main] Log - ValidPlacingOrder test is starting.
[INFO ] 2025-03-26 21:58:12.639 [main] Log - ValidPlacingOrder test is succeed.
[INFO ] 2025-03-26 21:58:12.762 [main] Log - I am in onFinish method AllTests
[INFO ] 2025-03-26 22:09:39.181 [main] Log - I am in onStart method AllTests
[INFO ] 2025-03-26 22:09:39.221 [main] Log - InValidSignUp test is starting.
[INFO ] 2025-03-26 22:09:40.010 [main] Log - InValidSignUp test is succeed.
[INFO ] 2025-03-26 22:09:40.363 [main] Log - ValidSignUp test is starting.
[INFO ] 2025-03-26 22:09:41.326 [main] Log - ValidSignUp test is succeed.
[INFO ] 2025-03-26 22:09:41.442 [main] Log - InValidLogin test is starting.
[INFO ] 2025-03-26 22:09:42.393 [main] Log - InValidLogin test is succeed.
[INFO ] 2025-03-26 22:09:42.842 [main] Log - ValidLogin test is starting.
[INFO ] 2025-03-26 22:09:44.892 [main] Log - ValidLogin test is succeed.
[INFO ] 2025-03-26 22:09:45.000 [main] Log - VerifyProductsCategorization test is starting.
[INFO ] 2025-03-26 22:09:46.340 [main] Log - VerifyProductsCategorization test is succeed.
[INFO ] 2025-03-26 22:09:46.472 [main] Log - VerifyProductDetails test is starting.
[INFO ] 2025-03-26 22:09:50.751 [main] Log - VerifyProductDetails test is succeed.
[INFO ] 2025-03-26 22:09:50.881 [main] Log - VerifyRemovingItemsFromCart test is starting.
[INFO ] 2025-03-26 22:09:55.113 [main] Log - VerifyRemovingItemsFromCart test is succeed.
[INFO ] 2025-03-26 22:09:55.460 [main] Log - VerifyCartPrices test is starting.
[INFO ] 2025-03-26 22:10:00.171 [main] Log - VerifyCartPrices test is succeed.
[INFO ] 2025-03-26 22:10:00.284 [main] Log - InValidPlacingOrder test is starting.
[INFO ] 2025-03-26 22:10:03.978 [main] Log - InValidPlacingOrder test is succeed.
[INFO ] 2025-03-26 22:10:04.063 [main] Log - ValidPlacingOrder test is starting.
[INFO ] 2025-03-26 22:10:06.016 [main] Log - ValidPlacingOrder test is succeed.
[INFO ] 2025-03-26 22:10:06.133 [main] Log - I am in onFinish method AllTests
